kotlin version: 2.3.0
error message: java.lang.RuntimeException: Exception while generating code for:
FUN name:collectAsState visibility:public modality:FINAL returnType:androidx.compose.runtime.State<T of wang.soian.preferencestore.PreferenceKt.collectAsState>
  TYPE_PARAMETER name:T index:0 variance: superTypes:[kotlin.Any?] reified:false
  VALUE_PARAMETER kind:ExtensionReceiver name:<this> index:0 type:wang.soian.preferencestore.Preference<T of wang.soian.preferencestore.PreferenceKt.collectAsState>
  annotations:
    Composable
  BLOCK_BODY
    VAR name:flow type:kotlinx.coroutines.flow.Flow<T of wang.soian.preferencestore.PreferenceKt.collectAsState> [val]
      CALL 'public final fun remember <T> (key1: kotlin.Any?, calculation: @[DisallowComposableCalls] kotlin.Function0<T of androidx.compose.runtime.ComposablesKt.remember>): T of androidx.compose.runtime.ComposablesKt.remember [inline] declared in androidx.compose.runtime.ComposablesKt' type=kotlinx.coroutines.flow.Flow<T of wang.soian.preferencestore.PreferenceKt.collectAsState> origin=null
        TYPE_ARG T: kotlinx.coroutines.flow.Flow<T of wang.soian.preferencestore.PreferenceKt.collectAsState>
        ARG key1: GET_VAR '<this>: wang.soian.preferencestore.Preference<T of wang.soian.preferencestore.PreferenceKt.collectAsState> declared in wang.soian.preferencestore.PreferenceKt.collectAsState' type=wang.soian.preferencestore.Preference<T of wang.soian.preferencestore.PreferenceKt.collectAsState> origin=null
        ARG calculation: RICH_FUNCTION_REFERENCE type=kotlin.Function0<kotlinx.coroutines.flow.Flow<T of wang.soian.preferencestore.PreferenceKt.collectAsState>> origin=INLINE_LAMBDA reflectionTarget='null'
          overriddenFunctionSymbol: public abstract fun invoke (): R of kotlin.Function0 [operator] declared in kotlin.Function0
          bound $this_collectAsState: GET_VAR '<this>: wang.soian.preferencestore.Preference<T of wang.soian.preferencestore.PreferenceKt.collectAsState> declared in wang.soian.preferencestore.PreferenceKt.collectAsState' type=wang.soian.preferencestore.Preference<T of wang.soian.preferencestore.PreferenceKt.collectAsState> origin=null
          invoke: FUN INLINE_LAMBDA name:collectAsState$lambda$0 visibility:private modality:FINAL returnType:kotlinx.coroutines.flow.Flow<T of wang.soian.preferencestore.PreferenceKt.collectAsState>
            VALUE_PARAMETER BOUND_VALUE_PARAMETER kind:Regular name:$this_collectAsState index:0 type:wang.soian.preferencestore.Preference<T of wang.soian.preferencestore.PreferenceKt.collectAsState>
            BLOCK_BODY
              VAR name:$i$a$-remember-PreferenceKt$collectAsState$flow$1 type:kotlin.Int [val]
                CONST Int type=kotlin.Int value=0
              RETURN type=kotlin.Nothing from='private final fun collectAsState$lambda$0 ($this_collectAsState: wang.soian.preferencestore.Preference<T of wang.soian.preferencestore.PreferenceKt.collectAsState>): kotlinx.coroutines.flow.Flow<T of wang.soian.preferencestore.PreferenceKt.collectAsState> declared in wang.soian.preferencestore.PreferenceKt.collectAsState'
                CALL 'public abstract fun changes (): kotlinx.coroutines.flow.Flow<T of wang.soian.preferencestore.Preference> declared in wang.soian.preferencestore.Preference' type=kotlinx.coroutines.flow.Flow<T of wang.soian.preferencestore.PreferenceKt.collectAsState> origin=null
                  ARG <this>: GET_VAR '$this_collectAsState: wang.soian.preferencestore.Preference<T of wang.soian.preferencestore.PreferenceKt.collectAsState> declared in wang.soian.preferencestore.PreferenceKt.collectAsState.collectAsState$lambda$0' type=wang.soian.preferencestore.Preference<T of wang.soian.preferencestore.PreferenceKt.collectAsState> origin=null
    RETURN type=kotlin.Nothing from='public final fun collectAsState <T> (<this>: wang.soian.preferencestore.Preference<T of wang.soian.preferencestore.PreferenceKt.collectAsState>): androidx.compose.runtime.State<T of wang.soian.preferencestore.PreferenceKt.collectAsState> declared in wang.soian.preferencestore.PreferenceKt'
      TYPE_OP type=androidx.compose.runtime.State<T of wang.soian.preferencestore.PreferenceKt.collectAsState> origin=IMPLICIT_CAST typeOperand=androidx.compose.runtime.State<T of wang.soian.preferencestore.PreferenceKt.collectAsState>
        CALL 'public final fun collectAsState$default <T, R> (<this>: kotlinx.coroutines.flow.Flow<T of androidx.compose.runtime.SnapshotStateKt.collectAsState$default>, initial: R of androidx.compose.runtime.SnapshotStateKt.collectAsState$default, context: kotlin.coroutines.CoroutineContext?, $mask0: kotlin.Int, $handler: kotlin.Any?): androidx.compose.runtime.State<R of androidx.compose.runtime.SnapshotStateKt.collectAsState$default> declared in androidx.compose.runtime.SnapshotStateKt' type=androidx.compose.runtime.State<R of androidx.compose.runtime.SnapshotStateKt.collectAsState$default> origin=DEFAULT_DISPATCH_CALL
          TYPE_ARG T: T of wang.soian.preferencestore.PreferenceKt.collectAsState
          TYPE_ARG R: T of wang.soian.preferencestore.PreferenceKt.collectAsState
          ARG <this>: GET_VAR 'val flow: kotlinx.coroutines.flow.Flow<T of wang.soian.preferencestore.PreferenceKt.collectAsState> [val] declared in wang.soian.preferencestore.PreferenceKt.collectAsState' type=kotlinx.coroutines.flow.Flow<T of wang.soian.preferencestore.PreferenceKt.collectAsState> origin=null
          ARG initial: CALL 'public abstract fun get (): T of wang.soian.preferencestore.Preference declared in wang.soian.preferencestore.Preference' type=T of wang.soian.preferencestore.PreferenceKt.collectAsState origin=null
            ARG <this>: GET_VAR '<this>: wang.soian.preferencestore.Preference<T of wang.soian.preferencestore.PreferenceKt.collectAsState> declared in wang.soian.preferencestore.PreferenceKt.collectAsState' type=wang.soian.preferencestore.Preference<T of wang.soian.preferencestore.PreferenceKt.collectAsState> origin=IMPLICIT_ARGUMENT
          ARG context: COMPOSITE type=kotlin.coroutines.CoroutineContext? origin=DEFAULT_VALUE
            CONST Null type=kotlin.coroutines.CoroutineContext? value=null
          ARG $mask0: CONST Int type=kotlin.Int value=2
          ARG $handler: CONST Null type=kotlin.Any? value=null

	at org.jetbrains.kotlin.backend.jvm.codegen.FunctionCodegen.generate(FunctionCodegen.kt:56)
	at org.jetbrains.kotlin.backend.jvm.codegen.FunctionCodegen.generate$default(FunctionCodegen.kt:49)
	at org.jetbrains.kotlin.backend.jvm.codegen.ClassCodegen.generateMethodNode(ClassCodegen.kt:428)
	at org.jetbrains.kotlin.backend.jvm.codegen.ClassCodegen.generateMethod(ClassCodegen.kt:445)
	at org.jetbrains.kotlin.backend.jvm.codegen.ClassCodegen.generate(ClassCodegen.kt:168)
	at org.jetbrains.kotlin.backend.jvm.JvmIrCodegenFactory.generateFile(JvmIrCodegenFactory.kt:467)
	at org.jetbrains.kotlin.backend.jvm.JvmIrCodegenFactory.invokeCodegen(JvmIrCodegenFactory.kt:433)
	at org.jetbrains.kotlin.cli.jvm.compiler.KotlinToJVMBytecodeCompiler.runCodegen$cli(KotlinToJVMBytecodeCompiler.kt:409)
	at org.jetbrains.kotlin.cli.pipeline.jvm.JvmBackendPipelinePhase.executePhase(JvmBackendPipelinePhase.kt:89)
	at org.jetbrains.kotlin.cli.pipeline.jvm.JvmBackendPipelinePhase.executePhase(JvmBackendPipelinePhase.kt:27)
	at org.jetbrains.kotlin.cli.pipeline.PipelinePhase.phaseBody(PipelinePhase.kt:68)
	at org.jetbrains.kotlin.cli.pipeline.PipelinePhase.phaseBody(PipelinePhase.kt:58)
	at org.jetbrains.kotlin.config.phaser.NamedCompilerPhase.invoke(CompilerPhase.kt:102)
	at org.jetbrains.kotlin.backend.common.phaser.CompositePhase.invoke(PhaseBuilders.kt:22)
	at org.jetbrains.kotlin.config.phaser.CompilerPhaseKt.invokeToplevel(CompilerPhase.kt:53)
	at org.jetbrains.kotlin.cli.pipeline.AbstractCliPipeline.runPhasedPipeline(AbstractCliPipeline.kt:109)
	at org.jetbrains.kotlin.cli.pipeline.AbstractCliPipeline.execute(AbstractCliPipeline.kt:68)
	at org.jetbrains.kotlin.cli.jvm.K2JVMCompiler.doExecutePhased(K2JVMCompiler.kt:51)
	at org.jetbrains.kotlin.cli.jvm.K2JVMCompiler.doExecutePhased(K2JVMCompiler.kt:42)
	at org.jetbrains.kotlin.cli.common.CLICompiler.execImpl(CLICompiler.kt:89)
	at org.jetbrains.kotlin.cli.common.CLICompiler.exec(CLICompiler.kt:359)
	at org.jetbrains.kotlin.incremental.IncrementalJvmCompilerRunnerBase.runCompiler(IncrementalJvmCompilerRunnerBase.kt:178)
	at org.jetbrains.kotlin.incremental.IncrementalJvmCompilerRunnerBase.runCompiler(IncrementalJvmCompilerRunnerBase.kt:40)
	at org.jetbrains.kotlin.incremental.IncrementalCompilerRunner.doCompile(IncrementalCompilerRunner.kt:504)
	at org.jetbrains.kotlin.incremental.IncrementalCompilerRunner.compileImpl(IncrementalCompilerRunner.kt:418)
	at org.jetbrains.kotlin.incremental.IncrementalCompilerRunner.compileNonIncrementally(IncrementalCompilerRunner.kt:301)
	at org.jetbrains.kotlin.incremental.IncrementalCompilerRunner.compile(IncrementalCompilerRunner.kt:128)
	at org.jetbrains.kotlin.daemon.CompileServiceImplBase.execIncrementalCompiler(CompileServiceImpl.kt:684)
	at org.jetbrains.kotlin.daemon.CompileServiceImplBase.access$execIncrementalCompiler(CompileServiceImpl.kt:94)
	at org.jetbrains.kotlin.daemon.CompileServiceImpl.compile(CompileServiceImpl.kt:1810)
	at java.base/jdk.internal.reflect.DirectMethodHandleAccessor.invoke(Unknown Source)
	at java.base/java.lang.reflect.Method.invoke(Unknown Source)
	at java.rmi/sun.rmi.server.UnicastServerRef.dispatch(Unknown Source)
	at java.rmi/sun.rmi.transport.Transport$1.run(Unknown Source)
	at java.rmi/sun.rmi.transport.Transport$1.run(Unknown Source)
	at java.base/java.security.AccessController.doPrivileged(Unknown Source)
	at java.rmi/sun.rmi.transport.Transport.serviceCall(Unknown Source)
	at java.rmi/sun.rmi.transport.tcp.TCPTransport.handleMessages(Unknown Source)
	at java.rmi/sun.rmi.transport.tcp.TCPTransport$ConnectionHandler.run0(Unknown Source)
	at java.rmi/sun.rmi.transport.tcp.TCPTransport$ConnectionHandler.lambda$run$0(Unknown Source)
	at java.base/java.security.AccessController.doPrivileged(Unknown Source)
	at java.rmi/sun.rmi.transport.tcp.TCPTransport$ConnectionHandler.run(Unknown Source)
	at java.base/java.util.concurrent.ThreadPoolExecutor.runWorker(Unknown Source)
	at java.base/java.util.concurrent.ThreadPoolExecutor$Worker.run(Unknown Source)
	at java.base/java.lang.Thread.run(Unknown Source)
Caused by: org.jetbrains.kotlin.codegen.CompilationException: Back-end (JVM) Internal error: Couldn't inline method call: CALL 'public final fun remember <T> (key1: kotlin.Any?, calculation: @[DisallowComposableCalls] kotlin.Function0<T of androidx.compose.runtime.ComposablesKt.remember>): T of androidx.compose.runtime.ComposablesKt.remember [inline] declared in androidx.compose.runtime.ComposablesKt' type=kotlinx.coroutines.flow.Flow<T of wang.soian.preferencestore.PreferenceKt.collectAsState> origin=null
Method: null
File is unknown
The root cause java.lang.IllegalStateException was thrown at: org.jetbrains.kotlin.codegen.inline.SourceCompilerForInlineKt.getMethodNode(SourceCompilerForInline.kt:129)
	at org.jetbrains.kotlin.backend.jvm.codegen.IrInlineCodegen.genInlineCall(IrInlineCodegen.kt:81)
	at org.jetbrains.kotlin.backend.jvm.codegen.IrInlineCallGenerator.genCall(IrInlineCallGenerator.kt:36)
	at org.jetbrains.kotlin.backend.jvm.codegen.ExpressionCodegen.visitCall(ExpressionCodegen.kt:554)
	at org.jetbrains.kotlin.backend.jvm.codegen.ExpressionCodegen.visitCall(ExpressionCodegen.kt:138)
	at org.jetbrains.kotlin.ir.expressions.IrCall.accept(IrCall.kt:24)
	at org.jetbrains.kotlin.backend.jvm.codegen.ExpressionCodegen.visitVariable(ExpressionCodegen.kt:685)
	at org.jetbrains.kotlin.backend.jvm.codegen.ExpressionCodegen.visitVariable(ExpressionCodegen.kt:138)
	at org.jetbrains.kotlin.ir.declarations.IrVariable.accept(IrVariable.kt:36)
	at org.jetbrains.kotlin.backend.jvm.codegen.ExpressionCodegen.visitStatementContainer(ExpressionCodegen.kt:489)
	at org.jetbrains.kotlin.backend.jvm.codegen.ExpressionCodegen.visitBlockBody(ExpressionCodegen.kt:494)
	at org.jetbrains.kotlin.backend.jvm.codegen.ExpressionCodegen.visitBlockBody(ExpressionCodegen.kt:138)
	at org.jetbrains.kotlin.ir.expressions.IrBlockBody.accept(IrBlockBody.kt:20)
	at org.jetbrains.kotlin.backend.jvm.codegen.ExpressionCodegen.generate(ExpressionCodegen.kt:231)
	at org.jetbrains.kotlin.backend.jvm.codegen.FunctionCodegen.doGenerate(FunctionCodegen.kt:132)
	at org.jetbrains.kotlin.backend.jvm.codegen.FunctionCodegen.generate(FunctionCodegen.kt:53)
	... 44 more
Caused by: java.lang.IllegalStateException: couldn't find inline method Landroidx/compose/runtime/ComposablesKt;.remember(Ljava/lang/Object;Lkotlin/jvm/functions/Function0;)Ljava/lang/Object;
	at org.jetbrains.kotlin.codegen.inline.SourceCompilerForInlineKt.getMethodNode(SourceCompilerForInline.kt:129)
	at org.jetbrains.kotlin.codegen.inline.SourceCompilerForInlineKt.loadCompiledInlineFunction$lambda$0(SourceCompilerForInline.kt:98)
	at org.jetbrains.kotlin.codegen.inline.InlineCache.computeMethodBytes(InlineCache.kt:90)
	at org.jetbrains.kotlin.codegen.inline.SourceCompilerForInlineKt.loadCompiledInlineFunction(SourceCompilerForInline.kt:93)
	at org.jetbrains.kotlin.backend.jvm.codegen.IrSourceCompilerForInline.compileInlineFunction(IrSourceCompilerForInline.kt:96)
	at org.jetbrains.kotlin.backend.jvm.codegen.IrInlineCodegen.genInlineCall(IrInlineCodegen.kt:64)
	... 58 more


